<?xml version="1.0" encoding="UTF-8"?>
<!-- Generated by org.testng.reporters.JUnitReportReporter -->
<testsuite hostname="USBLRRAGHVR1" failures="0" tests="1" name="DemoWebShopAutomation.E2ETest" time="31.059" errors="0" timestamp="2023-04-15T18:22:21 IST" skipped="0">
  <testcase classname="DemoWebShopAutomation.E2ETest" name="purchaseProduct" time="31.059"/>
  <system-out/>
</testsuite> <!-- DemoWebShopAutomation.E2ETest -->
