<?xml version="1.0" encoding="UTF-8"?>
<!-- Generated by org.testng.reporters.JUnitReportReporter -->
<testsuite hostname="USBLRRAGHVR1" failures="0" tests="1" name="DemoWebShopAutomation.RegisterTest" time="9.329" errors="0" timestamp="2023-04-15T18:27:13 IST" skipped="0">
  <testcase classname="DemoWebShopAutomation.RegisterTest" name="RegisterUser" time="9.329"/>
  <system-out/>
</testsuite> <!-- DemoWebShopAutomation.RegisterTest -->
